<?xml version="1.0" encoding="UTF-8"?>
<coverage generated="1580858343680" clover="3.2.0">
  <project timestamp="1580858343680" name="All files">
    <metrics statements="154" coveredstatements="154" conditionals="37" coveredconditionals="36" methods="59" coveredmethods="59" elements="250" coveredelements="249" complexity="0" loc="154" ncloc="154" packages="4" files="10" classes="10"/>
    <package name="__fixtures__">
      <metrics statements="0" coveredstatements="0" conditionals="0" coveredconditionals="0" methods="0" coveredmethods="0"/>
      <file name="expected-json.js" path="R:\Front-end\hexlet-project-lvl2\__fixtures__\expected-json.js">
        <metrics statements="0" coveredstatements="0" conditionals="0" coveredconditionals="0" methods="0" coveredmethods="0"/>
      </file>
      <file name="expected-plain.js" path="R:\Front-end\hexlet-project-lvl2\__fixtures__\expected-plain.js">
        <metrics statements="0" coveredstatements="0" conditionals="0" coveredconditionals="0" methods="0" coveredmethods="0"/>
      </file>
      <file name="expected-regular.js" path="R:\Front-end\hexlet-project-lvl2\__fixtures__\expected-regular.js">
        <metrics statements="0" coveredstatements="0" conditionals="0" coveredconditionals="0" methods="0" coveredmethods="0"/>
      </file>
    </package>
    <package name="src">
      <metrics statements="54" coveredstatements="54" conditionals="22" coveredconditionals="22" methods="24" coveredmethods="24"/>
      <file name="build-ast.js" path="R:\Front-end\hexlet-project-lvl2\src\build-ast.js">
        <metrics statements="42" coveredstatements="42" conditionals="22" coveredconditionals="22" methods="13" coveredmethods="13"/>
        <line num="4" count="1" type="stmt"/>
        <line num="5" count="540" type="stmt"/>
        <line num="6" count="540" type="stmt"/>
        <line num="7" count="540" type="cond" truecount="2" falsecount="0"/>
        <line num="10" count="1" type="stmt"/>
        <line num="14" count="450" type="cond" truecount="3" falsecount="0"/>
        <line num="15" count="450" type="cond" truecount="2" falsecount="0"/>
        <line num="20" count="234" type="cond" truecount="3" falsecount="0"/>
        <line num="24" count="126" type="cond" truecount="2" falsecount="0"/>
        <line num="28" count="90" type="cond" truecount="2" falsecount="0"/>
        <line num="33" count="1" type="stmt"/>
        <line num="34" count="900" type="stmt"/>
        <line num="35" count="450" type="stmt"/>
        <line num="38" count="1" type="stmt"/>
        <line num="39" count="450" type="stmt"/>
        <line num="40" count="450" type="stmt"/>
        <line num="42" count="450" type="stmt"/>
        <line num="46" count="450" type="cond" truecount="2" falsecount="0"/>
        <line num="47" count="360" type="stmt"/>
        <line num="50" count="450" type="cond" truecount="2" falsecount="0"/>
        <line num="51" count="414" type="stmt"/>
        <line num="54" count="450" type="stmt"/>
        <line num="58" count="1" type="cond" truecount="2" falsecount="0"/>
        <line num="59" count="72" type="stmt"/>
        <line num="60" count="72" type="stmt"/>
        <line num="61" count="72" type="stmt"/>
        <line num="63" count="72" type="stmt"/>
        <line num="64" count="198" type="stmt"/>
        <line num="65" count="198" type="stmt"/>
        <line num="67" count="198" type="cond" truecount="2" falsecount="0"/>
        <line num="68" count="54" type="stmt"/>
        <line num="71" count="198" type="stmt"/>
        <line num="74" count="252" type="stmt"/>
        <line num="76" count="72" type="stmt"/>
        <line num="78" count="72" type="stmt"/>
        <line num="79" count="126" type="stmt"/>
        <line num="80" count="54" type="stmt"/>
        <line num="81" count="54" type="stmt"/>
        <line num="82" count="54" type="stmt"/>
        <line num="83" count="54" type="stmt"/>
        <line num="84" count="54" type="stmt"/>
        <line num="87" count="72" type="stmt"/>
      </file>
      <file name="index.js" path="R:\Front-end\hexlet-project-lvl2\src\index.js">
        <metrics statements="0" coveredstatements="0" conditionals="0" coveredconditionals="0" methods="0" coveredmethods="0"/>
      </file>
      <file name="parsers.js" path="R:\Front-end\hexlet-project-lvl2\src\parsers.js">
        <metrics statements="12" coveredstatements="12" conditionals="0" coveredconditionals="0" methods="11" coveredmethods="11"/>
        <line num="6" count="36" type="stmt"/>
        <line num="7" count="72" type="stmt"/>
        <line num="9" count="1" type="stmt"/>
        <line num="12" count="36" type="stmt"/>
        <line num="13" count="12" type="stmt"/>
        <line num="17" count="24" type="stmt"/>
        <line num="18" count="12" type="stmt"/>
        <line num="22" count="12" type="stmt"/>
        <line num="23" count="12" type="stmt"/>
        <line num="27" count="72" type="stmt"/>
        <line num="30" count="36" type="stmt"/>
        <line num="31" count="36" type="stmt"/>
      </file>
    </package>
    <package name="src.formatters">
      <metrics statements="86" coveredstatements="86" conditionals="14" coveredconditionals="14" methods="29" coveredmethods="29"/>
      <file name="formatter-json.js" path="R:\Front-end\hexlet-project-lvl2\src\formatters\formatter-json.js">
        <metrics statements="11" coveredstatements="11" conditionals="2" coveredconditionals="2" methods="5" coveredmethods="5"/>
        <line num="1" count="1" type="stmt"/>
        <line num="3" count="1" type="stmt"/>
        <line num="4" count="24" type="stmt"/>
        <line num="5" count="96" type="stmt"/>
        <line num="6" count="96" type="stmt"/>
        <line num="7" count="516" type="stmt"/>
        <line num="8" count="324" type="stmt"/>
        <line num="10" count="96" type="cond" truecount="2" falsecount="0"/>
        <line num="11" count="78" type="stmt"/>
        <line num="14" count="18" type="stmt"/>
        <line num="17" count="6" type="stmt"/>
      </file>
      <file name="formatter-plain.js" path="R:\Front-end\hexlet-project-lvl2\src\formatters\formatter-plain.js">
        <metrics statements="27" coveredstatements="27" conditionals="6" coveredconditionals="6" methods="11" coveredmethods="11"/>
        <line num="1" count="66" type="stmt"/>
        <line num="3" count="1" type="stmt"/>
        <line num="4" count="66" type="cond" truecount="2" falsecount="0"/>
        <line num="5" count="24" type="stmt"/>
        <line num="7" count="42" type="cond" truecount="2" falsecount="0"/>
        <line num="8" count="30" type="stmt"/>
        <line num="11" count="12" type="stmt"/>
        <line num="14" count="1" type="stmt"/>
        <line num="17" count="18" type="stmt"/>
        <line num="22" count="18" type="stmt"/>
        <line num="23" count="18" type="stmt"/>
        <line num="24" count="18" type="stmt"/>
        <line num="29" count="12" type="stmt"/>
        <line num="34" count="30" type="stmt"/>
        <line num="35" count="30" type="stmt"/>
        <line num="40" count="1" type="stmt"/>
        <line num="41" count="210" type="stmt"/>
        <line num="42" count="78" type="stmt"/>
        <line num="45" count="1" type="stmt"/>
        <line num="46" count="24" type="stmt"/>
        <line num="53" count="96" type="stmt"/>
        <line num="55" count="96" type="cond" truecount="2" falsecount="0"/>
        <line num="56" count="18" type="stmt"/>
        <line num="59" count="78" type="stmt"/>
        <line num="60" count="78" type="stmt"/>
        <line num="62" count="78" type="stmt"/>
        <line num="65" count="96" type="stmt"/>
      </file>
      <file name="formatter-regular.js" path="R:\Front-end\hexlet-project-lvl2\src\formatters\formatter-regular.js">
        <metrics statements="48" coveredstatements="48" conditionals="6" coveredconditionals="6" methods="13" coveredmethods="13"/>
        <line num="1" count="1" type="stmt"/>
        <line num="3" count="1" type="stmt"/>
        <line num="4" count="198" type="stmt"/>
        <line num="5" count="198" type="stmt"/>
        <line num="6" count="198" type="stmt"/>
        <line num="7" count="198" type="stmt"/>
        <line num="8" count="198" type="stmt"/>
        <line num="11" count="1" type="stmt"/>
        <line num="12" count="42" type="stmt"/>
        <line num="13" count="42" type="stmt"/>
        <line num="15" count="42" type="stmt"/>
        <line num="16" count="60" type="stmt"/>
        <line num="17" count="60" type="cond" truecount="2" falsecount="0"/>
        <line num="18" count="12" type="stmt"/>
        <line num="21" count="60" type="stmt"/>
        <line num="24" count="42" type="stmt"/>
        <line num="27" count="1" type="stmt"/>
        <line num="28" count="78" type="stmt"/>
        <line num="29" count="78" type="cond" truecount="2" falsecount="0"/>
        <line num="30" count="30" type="stmt"/>
        <line num="33" count="48" type="stmt"/>
        <line num="36" count="1" type="stmt"/>
        <line num="40" count="18" type="stmt"/>
        <line num="41" count="18" type="stmt"/>
        <line num="47" count="18" type="stmt"/>
        <line num="48" count="18" type="stmt"/>
        <line num="49" count="18" type="stmt"/>
        <line num="50" count="18" type="stmt"/>
        <line num="56" count="12" type="stmt"/>
        <line num="57" count="12" type="stmt"/>
        <line num="58" count="12" type="stmt"/>
        <line num="64" count="30" type="stmt"/>
        <line num="65" count="30" type="stmt"/>
        <line num="66" count="30" type="stmt"/>
        <line num="71" count="1" type="stmt"/>
        <line num="72" count="228" type="stmt"/>
        <line num="73" count="96" type="stmt"/>
        <line num="76" count="1" type="stmt"/>
        <line num="77" count="6" type="stmt"/>
        <line num="78" count="24" type="stmt"/>
        <line num="86" count="96" type="stmt"/>
        <line num="87" count="96" type="stmt"/>
        <line num="88" count="96" type="stmt"/>
        <line num="90" count="96" type="cond" truecount="2" falsecount="0"/>
        <line num="91" count="18" type="stmt"/>
        <line num="94" count="78" type="stmt"/>
        <line num="97" count="24" type="stmt"/>
        <line num="100" count="6" type="stmt"/>
      </file>
    </package>
    <package name="src.js">
      <metrics statements="14" coveredstatements="14" conditionals="1" coveredconditionals="0" methods="6" coveredmethods="6"/>
      <file name="gendiff.js" path="R:\Front-end\hexlet-project-lvl2\src\js\gendiff.js">
        <metrics statements="14" coveredstatements="14" conditionals="1" coveredconditionals="0" methods="6" coveredmethods="6"/>
        <line num="8" count="1" type="stmt"/>
        <line num="11" count="6" type="stmt"/>
        <line num="15" count="6" type="stmt"/>
        <line num="19" count="6" type="stmt"/>
        <line num="24" count="1" type="stmt"/>
        <line num="25" count="36" type="stmt"/>
        <line num="26" count="18" type="stmt"/>
        <line num="29" count="1" type="cond" truecount="0" falsecount="1"/>
        <line num="30" count="18" type="stmt"/>
        <line num="31" count="18" type="stmt"/>
        <line num="32" count="18" type="stmt"/>
        <line num="33" count="18" type="stmt"/>
        <line num="34" count="18" type="stmt"/>
        <line num="37" count="18" type="stmt"/>
      </file>
    </package>
  </project>
</coverage>
