<?xml version="1.0" encoding="UTF-8"?>
<coverage generated="1570018059956" clover="3.2.0">
  <project timestamp="1570018059956" name="All files">
    <metrics statements="27" coveredstatements="27" conditionals="10" coveredconditionals="10" methods="14" coveredmethods="14" elements="51" coveredelements="51" complexity="0" loc="27" ncloc="27" packages="3" files="3" classes="3"/>
    <package name="__fixtures__">
      <metrics statements="0" coveredstatements="0" conditionals="0" coveredconditionals="0" methods="0" coveredmethods="0"/>
      <file name="result.js" path="R:\Front-end\hexlet-project-lvl2\__fixtures__\result.js">
        <metrics statements="0" coveredstatements="0" conditionals="0" coveredconditionals="0" methods="0" coveredmethods="0"/>
      </file>
    </package>
    <package name="src">
      <metrics statements="0" coveredstatements="0" conditionals="0" coveredconditionals="0" methods="0" coveredmethods="0"/>
      <file name="index.js" path="R:\Front-end\hexlet-project-lvl2\src\index.js">
        <metrics statements="0" coveredstatements="0" conditionals="0" coveredconditionals="0" methods="0" coveredmethods="0"/>
      </file>
    </package>
    <package name="src.js">
      <metrics statements="27" coveredstatements="27" conditionals="10" coveredconditionals="10" methods="14" coveredmethods="14"/>
      <file name="gendiff.js" path="R:\Front-end\hexlet-project-lvl2\src\js\gendiff.js">
        <metrics statements="27" coveredstatements="27" conditionals="10" coveredconditionals="10" methods="14" coveredmethods="14"/>
        <line num="4" count="1" type="stmt"/>
        <line num="7" count="10" type="cond" truecount="3" falsecount="0"/>
        <line num="8" count="2" type="stmt"/>
        <line num="12" count="8" type="cond" truecount="3" falsecount="0"/>
        <line num="13" count="2" type="stmt"/>
        <line num="17" count="6" type="cond" truecount="2" falsecount="0"/>
        <line num="18" count="4" type="stmt"/>
        <line num="22" count="2" type="cond" truecount="2" falsecount="0"/>
        <line num="23" count="2" type="stmt"/>
        <line num="27" count="1" type="stmt"/>
        <line num="28" count="26" type="stmt"/>
        <line num="29" count="10" type="stmt"/>
        <line num="33" count="2" type="stmt"/>
        <line num="34" count="2" type="stmt"/>
        <line num="36" count="2" type="stmt"/>
        <line num="37" count="2" type="stmt"/>
        <line num="38" count="2" type="stmt"/>
        <line num="39" count="2" type="stmt"/>
        <line num="40" count="6" type="stmt"/>
        <line num="41" count="2" type="stmt"/>
        <line num="42" count="8" type="stmt"/>
        <line num="43" count="8" type="stmt"/>
        <line num="45" count="2" type="stmt"/>
        <line num="46" count="2" type="stmt"/>
        <line num="47" count="2" type="stmt"/>
        <line num="49" count="2" type="stmt"/>
        <line num="50" count="2" type="stmt"/>
      </file>
    </package>
  </project>
</coverage>
