{"R:\\Front-end\\hexlet-project-lvl2\\__fixtures__\\result.js": {"path":"R:\\Front-end\\hexlet-project-lvl2\\__fixtures__\\result.js","statementMap":{},"fnMap":{},"branchMap":{},"s":{},"f":{},"b":{},"_coverageSchema":"43e27e138ebf9cfc5966b082cf9a028302ed4184","hash":"92161b17f590f11b73201d2ee9b5d0b9c5b9a74d"}
,"R:\\Front-end\\hexlet-project-lvl2\\src\\index.js": {"path":"R:\\Front-end\\hexlet-project-lvl2\\src\\index.js","statementMap":{},"fnMap":{},"branchMap":{},"s":{},"f":{},"b":{},"_coverageSchema":"43e27e138ebf9cfc5966b082cf9a028302ed4184","hash":"138dc2aa8c869fa474f76369f675e21728ef656c"}
,"R:\\Front-end\\hexlet-project-lvl2\\src\\js\\gendiff.js": {"path":"R:\\Front-end\\hexlet-project-lvl2\\src\\js\\gendiff.js","statementMap":{"0":{"start":{"line":4,"column":24},"end":{"line":25,"column":1}},"1":{"start":{"line":7,"column":32},"end":{"line":7,"column":91}},"2":{"start":{"line":8,"column":33},"end":{"line":8,"column":59}},"3":{"start":{"line":12,"column":32},"end":{"line":12,"column":91}},"4":{"start":{"line":13,"column":33},"end":{"line":13,"column":85}},"5":{"start":{"line":17,"column":32},"end":{"line":17,"column":65}},"6":{"start":{"line":18,"column":33},"end":{"line":18,"column":59}},"7":{"start":{"line":22,"column":32},"end":{"line":22,"column":65}},"8":{"start":{"line":23,"column":33},"end":{"line":23,"column":59}},"9":{"start":{"line":27,"column":26},"end":{"line":30,"column":1}},"10":{"start":{"line":28,"column":17},"end":{"line":28,"column":76}},"11":{"start":{"line":28,"column":53},"end":{"line":28,"column":75}},"12":{"start":{"line":29,"column":2},"end":{"line":29,"column":16}},"13":{"start":{"line":33,"column":21},"end":{"line":33,"column":56}},"14":{"start":{"line":34,"column":20},"end":{"line":34,"column":55}},"15":{"start":{"line":36,"column":15},"end":{"line":36,"column":37}},"16":{"start":{"line":37,"column":15},"end":{"line":37,"column":36}},"17":{"start":{"line":38,"column":19},"end":{"line":38,"column":36}},"18":{"start":{"line":39,"column":19},"end":{"line":39,"column":36}},"19":{"start":{"line":40,"column":27},"end":{"line":40,"column":66}},"20":{"start":{"line":40,"column":50},"end":{"line":40,"column":65}},"21":{"start":{"line":41,"column":18},"end":{"line":44,"column":8}},"22":{"start":{"line":42,"column":23},"end":{"line":42,"column":57}},"23":{"start":{"line":43,"column":4},"end":{"line":43,"column":45}},"24":{"start":{"line":45,"column":18},"end":{"line":48,"column":8}},"25":{"start":{"line":46,"column":23},"end":{"line":46,"column":57}},"26":{"start":{"line":47,"column":4},"end":{"line":47,"column":45}},"27":{"start":{"line":49,"column":2},"end":{"line":49,"column":61}},"28":{"start":{"line":50,"column":2},"end":{"line":50,"column":55}}},"fnMap":{"0":{"name":"(anonymous_0)","decl":{"start":{"line":7,"column":11},"end":{"line":7,"column":12}},"loc":{"start":{"line":7,"column":32},"end":{"line":7,"column":91}},"line":7},"1":{"name":"(anonymous_1)","decl":{"start":{"line":8,"column":12},"end":{"line":8,"column":13}},"loc":{"start":{"line":8,"column":33},"end":{"line":8,"column":59}},"line":8},"2":{"name":"(anonymous_2)","decl":{"start":{"line":12,"column":11},"end":{"line":12,"column":12}},"loc":{"start":{"line":12,"column":32},"end":{"line":12,"column":91}},"line":12},"3":{"name":"(anonymous_3)","decl":{"start":{"line":13,"column":12},"end":{"line":13,"column":13}},"loc":{"start":{"line":13,"column":33},"end":{"line":13,"column":85}},"line":13},"4":{"name":"(anonymous_4)","decl":{"start":{"line":17,"column":11},"end":{"line":17,"column":12}},"loc":{"start":{"line":17,"column":32},"end":{"line":17,"column":65}},"line":17},"5":{"name":"(anonymous_5)","decl":{"start":{"line":18,"column":12},"end":{"line":18,"column":13}},"loc":{"start":{"line":18,"column":33},"end":{"line":18,"column":59}},"line":18},"6":{"name":"(anonymous_6)","decl":{"start":{"line":22,"column":11},"end":{"line":22,"column":12}},"loc":{"start":{"line":22,"column":32},"end":{"line":22,"column":65}},"line":22},"7":{"name":"(anonymous_7)","decl":{"start":{"line":23,"column":12},"end":{"line":23,"column":13}},"loc":{"start":{"line":23,"column":33},"end":{"line":23,"column":59}},"line":23},"8":{"name":"(anonymous_8)","decl":{"start":{"line":27,"column":26},"end":{"line":27,"column":27}},"loc":{"start":{"line":27,"column":47},"end":{"line":30,"column":1}},"line":27},"9":{"name":"(anonymous_9)","decl":{"start":{"line":28,"column":38},"end":{"line":28,"column":39}},"loc":{"start":{"line":28,"column":53},"end":{"line":28,"column":75}},"line":28},"10":{"name":"(anonymous_10)","decl":{"start":{"line":32,"column":15},"end":{"line":32,"column":16}},"loc":{"start":{"line":32,"column":33},"end":{"line":51,"column":1}},"line":32},"11":{"name":"(anonymous_11)","decl":{"start":{"line":40,"column":43},"end":{"line":40,"column":44}},"loc":{"start":{"line":40,"column":50},"end":{"line":40,"column":65}},"line":40},"12":{"name":"(anonymous_12)","decl":{"start":{"line":41,"column":34},"end":{"line":41,"column":35}},"loc":{"start":{"line":41,"column":48},"end":{"line":44,"column":3}},"line":41},"13":{"name":"(anonymous_13)","decl":{"start":{"line":45,"column":42},"end":{"line":45,"column":43}},"loc":{"start":{"line":45,"column":56},"end":{"line":48,"column":3}},"line":45}},"branchMap":{"0":{"loc":{"start":{"line":7,"column":32},"end":{"line":7,"column":91}},"type":"binary-expr","locations":[{"start":{"line":7,"column":32},"end":{"line":7,"column":46}},{"start":{"line":7,"column":50},"end":{"line":7,"column":64}},{"start":{"line":7,"column":68},"end":{"line":7,"column":91}}],"line":7},"1":{"loc":{"start":{"line":12,"column":32},"end":{"line":12,"column":91}},"type":"binary-expr","locations":[{"start":{"line":12,"column":32},"end":{"line":12,"column":46}},{"start":{"line":12,"column":50},"end":{"line":12,"column":64}},{"start":{"line":12,"column":68},"end":{"line":12,"column":91}}],"line":12},"2":{"loc":{"start":{"line":17,"column":32},"end":{"line":17,"column":65}},"type":"binary-expr","locations":[{"start":{"line":17,"column":32},"end":{"line":17,"column":46}},{"start":{"line":17,"column":50},"end":{"line":17,"column":65}}],"line":17},"3":{"loc":{"start":{"line":22,"column":32},"end":{"line":22,"column":65}},"type":"binary-expr","locations":[{"start":{"line":22,"column":32},"end":{"line":22,"column":47}},{"start":{"line":22,"column":51},"end":{"line":22,"column":65}}],"line":22}},"s":{"0":1,"1":10,"2":2,"3":8,"4":2,"5":6,"6":4,"7":2,"8":2,"9":1,"10":10,"11":26,"12":10,"13":2,"14":2,"15":2,"16":2,"17":2,"18":2,"19":2,"20":6,"21":2,"22":8,"23":8,"24":2,"25":2,"26":2,"27":2,"28":2},"f":{"0":10,"1":2,"2":8,"3":2,"4":6,"5":4,"6":2,"7":2,"8":10,"9":26,"10":2,"11":6,"12":8,"13":2},"b":{"0":[10,8,4],"1":[8,6,2],"2":[6,4],"3":[2,2]},"_coverageSchema":"43e27e138ebf9cfc5966b082cf9a028302ed4184","hash":"2df11355312c65fae6ee5b96500f8521aaa51fac"}
}
