{"R:\\Front-end\\hexlet-project-lvl2\\__fixtures__\\expected-json.js": {"path":"R:\\Front-end\\hexlet-project-lvl2\\__fixtures__\\expected-json.js","statementMap":{},"fnMap":{},"branchMap":{},"s":{},"f":{},"b":{},"_coverageSchema":"43e27e138ebf9cfc5966b082cf9a028302ed4184","hash":"afd9dc17d5f8914d6721ba06443a28db868da768"}
,"R:\\Front-end\\hexlet-project-lvl2\\__fixtures__\\expected-plain.js": {"path":"R:\\Front-end\\hexlet-project-lvl2\\__fixtures__\\expected-plain.js","statementMap":{},"fnMap":{},"branchMap":{},"s":{},"f":{},"b":{},"_coverageSchema":"43e27e138ebf9cfc5966b082cf9a028302ed4184","hash":"4798534b81068f0f915a50ce865be455407bf0aa"}
,"R:\\Front-end\\hexlet-project-lvl2\\__fixtures__\\expected-regular.js": {"path":"R:\\Front-end\\hexlet-project-lvl2\\__fixtures__\\expected-regular.js","statementMap":{},"fnMap":{},"branchMap":{},"s":{},"f":{},"b":{},"_coverageSchema":"43e27e138ebf9cfc5966b082cf9a028302ed4184","hash":"3678f9e6b2670ad129d7c151c78032a6cae4ac68"}
,"R:\\Front-end\\hexlet-project-lvl2\\src\\build-ast.js": {"path":"R:\\Front-end\\hexlet-project-lvl2\\src\\build-ast.js","statementMap":{"0":{"start":{"line":4,"column":29},"end":{"line":8,"column":1}},"1":{"start":{"line":5,"column":29},"end":{"line":5,"column":56}},"2":{"start":{"line":6,"column":30},"end":{"line":6,"column":57}},"3":{"start":{"line":7,"column":2},"end":{"line":7,"column":51}},"4":{"start":{"line":10,"column":23},"end":{"line":30,"column":1}},"5":{"start":{"line":14,"column":25},"end":{"line":14,"column":84}},"6":{"start":{"line":15,"column":6},"end":{"line":15,"column":65}},"7":{"start":{"line":20,"column":32},"end":{"line":20,"column":91}},"8":{"start":{"line":24,"column":32},"end":{"line":24,"column":65}},"9":{"start":{"line":28,"column":32},"end":{"line":28,"column":65}},"10":{"start":{"line":33,"column":22},"end":{"line":36,"column":1}},"11":{"start":{"line":34,"column":20},"end":{"line":34,"column":78}},"12":{"start":{"line":34,"column":55},"end":{"line":34,"column":77}},"13":{"start":{"line":35,"column":2},"end":{"line":35,"column":15}},"14":{"start":{"line":38,"column":20},"end":{"line":55,"column":1}},"15":{"start":{"line":39,"column":16},"end":{"line":39,"column":46}},"16":{"start":{"line":40,"column":20},"end":{"line":40,"column":46}},"17":{"start":{"line":42,"column":17},"end":{"line":44,"column":3}},"18":{"start":{"line":46,"column":2},"end":{"line":48,"column":3}},"19":{"start":{"line":47,"column":4},"end":{"line":47,"column":32}},"20":{"start":{"line":50,"column":2},"end":{"line":52,"column":3}},"21":{"start":{"line":51,"column":4},"end":{"line":51,"column":32}},"22":{"start":{"line":54,"column":2},"end":{"line":54,"column":16}},"23":{"start":{"line":58,"column":17},"end":{"line":88,"column":1}},"24":{"start":{"line":59,"column":27},"end":{"line":59,"column":29}},"25":{"start":{"line":60,"column":19},"end":{"line":60,"column":36}},"26":{"start":{"line":61,"column":19},"end":{"line":61,"column":36}},"27":{"start":{"line":63,"column":22},"end":{"line":72,"column":4}},"28":{"start":{"line":64,"column":21},"end":{"line":64,"column":74}},"29":{"start":{"line":65,"column":30},"end":{"line":65,"column":67}},"30":{"start":{"line":67,"column":4},"end":{"line":69,"column":5}},"31":{"start":{"line":68,"column":6},"end":{"line":68,"column":33}},"32":{"start":{"line":71,"column":4},"end":{"line":71,"column":20}},"33":{"start":{"line":74,"column":22},"end":{"line":74,"column":96}},"34":{"start":{"line":74,"column":42},"end":{"line":74,"column":95}},"35":{"start":{"line":76,"column":17},"end":{"line":76,"column":64}},"36":{"start":{"line":78,"column":2},"end":{"line":85,"column":5}},"37":{"start":{"line":79,"column":16},"end":{"line":79,"column":52}},"38":{"start":{"line":79,"column":41},"end":{"line":79,"column":51}},"39":{"start":{"line":80,"column":33},"end":{"line":80,"column":49}},"40":{"start":{"line":81,"column":25},"end":{"line":81,"column":48}},"41":{"start":{"line":82,"column":4},"end":{"line":82,"column":24}},"42":{"start":{"line":83,"column":4},"end":{"line":83,"column":24}},"43":{"start":{"line":84,"column":4},"end":{"line":84,"column":84}},"44":{"start":{"line":87,"column":2},"end":{"line":87,"column":16}}},"fnMap":{"0":{"name":"(anonymous_0)","decl":{"start":{"line":4,"column":29},"end":{"line":4,"column":30}},"loc":{"start":{"line":4,"column":50},"end":{"line":8,"column":1}},"line":4},"1":{"name":"(anonymous_1)","decl":{"start":{"line":13,"column":11},"end":{"line":13,"column":12}},"loc":{"start":{"line":13,"column":32},"end":{"line":16,"column":5}},"line":13},"2":{"name":"(anonymous_2)","decl":{"start":{"line":20,"column":11},"end":{"line":20,"column":12}},"loc":{"start":{"line":20,"column":32},"end":{"line":20,"column":91}},"line":20},"3":{"name":"(anonymous_3)","decl":{"start":{"line":24,"column":11},"end":{"line":24,"column":12}},"loc":{"start":{"line":24,"column":32},"end":{"line":24,"column":65}},"line":24},"4":{"name":"(anonymous_4)","decl":{"start":{"line":28,"column":11},"end":{"line":28,"column":12}},"loc":{"start":{"line":28,"column":32},"end":{"line":28,"column":65}},"line":28},"5":{"name":"(anonymous_5)","decl":{"start":{"line":33,"column":22},"end":{"line":33,"column":23}},"loc":{"start":{"line":33,"column":43},"end":{"line":36,"column":1}},"line":33},"6":{"name":"(anonymous_6)","decl":{"start":{"line":34,"column":40},"end":{"line":34,"column":41}},"loc":{"start":{"line":34,"column":55},"end":{"line":34,"column":77}},"line":34},"7":{"name":"(anonymous_7)","decl":{"start":{"line":38,"column":20},"end":{"line":38,"column":21}},"loc":{"start":{"line":38,"column":73},"end":{"line":55,"column":1}},"line":38},"8":{"name":"(anonymous_8)","decl":{"start":{"line":58,"column":17},"end":{"line":58,"column":18}},"loc":{"start":{"line":58,"column":67},"end":{"line":88,"column":1}},"line":58},"9":{"name":"(anonymous_9)","decl":{"start":{"line":63,"column":35},"end":{"line":63,"column":36}},"loc":{"start":{"line":63,"column":44},"end":{"line":72,"column":3}},"line":63},"10":{"name":"(anonymous_10)","decl":{"start":{"line":74,"column":35},"end":{"line":74,"column":36}},"loc":{"start":{"line":74,"column":42},"end":{"line":74,"column":95}},"line":74},"11":{"name":"(anonymous_11)","decl":{"start":{"line":78,"column":27},"end":{"line":78,"column":28}},"loc":{"start":{"line":78,"column":35},"end":{"line":85,"column":3}},"line":78},"12":{"name":"(anonymous_12)","decl":{"start":{"line":79,"column":28},"end":{"line":79,"column":29}},"loc":{"start":{"line":79,"column":41},"end":{"line":79,"column":51}},"line":79}},"branchMap":{"0":{"loc":{"start":{"line":7,"column":9},"end":{"line":7,"column":50}},"type":"binary-expr","locations":[{"start":{"line":7,"column":9},"end":{"line":7,"column":27}},{"start":{"line":7,"column":31},"end":{"line":7,"column":50}}],"line":7},"1":{"loc":{"start":{"line":14,"column":25},"end":{"line":14,"column":84}},"type":"binary-expr","locations":[{"start":{"line":14,"column":25},"end":{"line":14,"column":39}},{"start":{"line":14,"column":43},"end":{"line":14,"column":57}},{"start":{"line":14,"column":61},"end":{"line":14,"column":84}}],"line":14},"2":{"loc":{"start":{"line":15,"column":13},"end":{"line":15,"column":64}},"type":"binary-expr","locations":[{"start":{"line":15,"column":13},"end":{"line":15,"column":23}},{"start":{"line":15,"column":27},"end":{"line":15,"column":64}}],"line":15},"3":{"loc":{"start":{"line":20,"column":32},"end":{"line":20,"column":91}},"type":"binary-expr","locations":[{"start":{"line":20,"column":32},"end":{"line":20,"column":46}},{"start":{"line":20,"column":50},"end":{"line":20,"column":64}},{"start":{"line":20,"column":68},"end":{"line":20,"column":91}}],"line":20},"4":{"loc":{"start":{"line":24,"column":32},"end":{"line":24,"column":65}},"type":"binary-expr","locations":[{"start":{"line":24,"column":32},"end":{"line":24,"column":46}},{"start":{"line":24,"column":50},"end":{"line":24,"column":65}}],"line":24},"5":{"loc":{"start":{"line":28,"column":32},"end":{"line":28,"column":65}},"type":"binary-expr","locations":[{"start":{"line":28,"column":32},"end":{"line":28,"column":47}},{"start":{"line":28,"column":51},"end":{"line":28,"column":65}}],"line":28},"6":{"loc":{"start":{"line":46,"column":2},"end":{"line":48,"column":3}},"type":"if","locations":[{"start":{"line":46,"column":2},"end":{"line":48,"column":3}},{"start":{"line":46,"column":2},"end":{"line":48,"column":3}}],"line":46},"7":{"loc":{"start":{"line":50,"column":2},"end":{"line":52,"column":3}},"type":"if","locations":[{"start":{"line":50,"column":2},"end":{"line":52,"column":3}},{"start":{"line":50,"column":2},"end":{"line":52,"column":3}}],"line":50},"8":{"loc":{"start":{"line":58,"column":30},"end":{"line":58,"column":46}},"type":"default-arg","locations":[{"start":{"line":58,"column":45},"end":{"line":58,"column":46}}],"line":58},"9":{"loc":{"start":{"line":58,"column":48},"end":{"line":58,"column":62}},"type":"default-arg","locations":[{"start":{"line":58,"column":60},"end":{"line":58,"column":62}}],"line":58},"10":{"loc":{"start":{"line":67,"column":4},"end":{"line":69,"column":5}},"type":"if","locations":[{"start":{"line":67,"column":4},"end":{"line":69,"column":5}},{"start":{"line":67,"column":4},"end":{"line":69,"column":5}}],"line":67}},"s":{"0":1,"1":540,"2":540,"3":540,"4":1,"5":450,"6":450,"7":234,"8":126,"9":90,"10":1,"11":450,"12":900,"13":450,"14":1,"15":450,"16":450,"17":450,"18":450,"19":360,"20":450,"21":414,"22":450,"23":1,"24":72,"25":72,"26":72,"27":72,"28":198,"29":198,"30":198,"31":54,"32":198,"33":72,"34":252,"35":72,"36":72,"37":54,"38":126,"39":54,"40":54,"41":54,"42":54,"43":54,"44":72},"f":{"0":540,"1":450,"2":234,"3":126,"4":90,"5":450,"6":900,"7":450,"8":72,"9":198,"10":252,"11":54,"12":126},"b":{"0":[540,252],"1":[450,360,324],"2":[450,342],"3":[234,144,108],"4":[126,36],"5":[90,90],"6":[360,90],"7":[414,36],"8":[18],"9":[18],"10":[54,144]},"_coverageSchema":"43e27e138ebf9cfc5966b082cf9a028302ed4184","hash":"ac179b57e18c8c3985932dd3962ecb2243bdb2e2"}
,"R:\\Front-end\\hexlet-project-lvl2\\src\\index.js": {"path":"R:\\Front-end\\hexlet-project-lvl2\\src\\index.js","statementMap":{},"fnMap":{},"branchMap":{},"s":{},"f":{},"b":{},"_coverageSchema":"43e27e138ebf9cfc5966b082cf9a028302ed4184","hash":"138dc2aa8c869fa474f76369f675e21728ef656c"}
,"R:\\Front-end\\hexlet-project-lvl2\\src\\parsers.js": {"path":"R:\\Front-end\\hexlet-project-lvl2\\src\\parsers.js","statementMap":{"0":{"start":{"line":6,"column":19},"end":{"line":6,"column":61}},"1":{"start":{"line":6,"column":27},"end":{"line":6,"column":61}},"2":{"start":{"line":7,"column":16},"end":{"line":7,"column":63}},"3":{"start":{"line":7,"column":34},"end":{"line":7,"column":63}},"4":{"start":{"line":9,"column":20},"end":{"line":25,"column":1}},"5":{"start":{"line":12,"column":19},"end":{"line":12,"column":41}},"6":{"start":{"line":13,"column":19},"end":{"line":13,"column":47}},"7":{"start":{"line":17,"column":19},"end":{"line":17,"column":40}},"8":{"start":{"line":18,"column":19},"end":{"line":18,"column":50}},"9":{"start":{"line":22,"column":19},"end":{"line":22,"column":40}},"10":{"start":{"line":23,"column":19},"end":{"line":23,"column":46}},"11":{"start":{"line":27,"column":22},"end":{"line":27,"column":74}},"12":{"start":{"line":27,"column":30},"end":{"line":27,"column":74}},"13":{"start":{"line":27,"column":62},"end":{"line":27,"column":73}},"14":{"start":{"line":30,"column":20},"end":{"line":30,"column":39}},"15":{"start":{"line":31,"column":2},"end":{"line":31,"column":21}}},"fnMap":{"0":{"name":"(anonymous_0)","decl":{"start":{"line":6,"column":19},"end":{"line":6,"column":20}},"loc":{"start":{"line":6,"column":27},"end":{"line":6,"column":61}},"line":6},"1":{"name":"(anonymous_1)","decl":{"start":{"line":7,"column":16},"end":{"line":7,"column":17}},"loc":{"start":{"line":7,"column":34},"end":{"line":7,"column":63}},"line":7},"2":{"name":"(anonymous_2)","decl":{"start":{"line":12,"column":11},"end":{"line":12,"column":12}},"loc":{"start":{"line":12,"column":19},"end":{"line":12,"column":41}},"line":12},"3":{"name":"(anonymous_3)","decl":{"start":{"line":13,"column":11},"end":{"line":13,"column":12}},"loc":{"start":{"line":13,"column":19},"end":{"line":13,"column":47}},"line":13},"4":{"name":"(anonymous_4)","decl":{"start":{"line":17,"column":11},"end":{"line":17,"column":12}},"loc":{"start":{"line":17,"column":19},"end":{"line":17,"column":40}},"line":17},"5":{"name":"(anonymous_5)","decl":{"start":{"line":18,"column":11},"end":{"line":18,"column":12}},"loc":{"start":{"line":18,"column":19},"end":{"line":18,"column":50}},"line":18},"6":{"name":"(anonymous_6)","decl":{"start":{"line":22,"column":11},"end":{"line":22,"column":12}},"loc":{"start":{"line":22,"column":19},"end":{"line":22,"column":40}},"line":22},"7":{"name":"(anonymous_7)","decl":{"start":{"line":23,"column":11},"end":{"line":23,"column":12}},"loc":{"start":{"line":23,"column":19},"end":{"line":23,"column":46}},"line":23},"8":{"name":"(anonymous_8)","decl":{"start":{"line":27,"column":22},"end":{"line":27,"column":23}},"loc":{"start":{"line":27,"column":30},"end":{"line":27,"column":74}},"line":27},"9":{"name":"(anonymous_9)","decl":{"start":{"line":27,"column":47},"end":{"line":27,"column":48}},"loc":{"start":{"line":27,"column":62},"end":{"line":27,"column":73}},"line":27},"10":{"name":"(anonymous_10)","decl":{"start":{"line":29,"column":15},"end":{"line":29,"column":16}},"loc":{"start":{"line":29,"column":25},"end":{"line":32,"column":1}},"line":29}},"branchMap":{},"s":{"0":1,"1":36,"2":1,"3":72,"4":1,"5":36,"6":12,"7":24,"8":12,"9":12,"10":12,"11":1,"12":36,"13":72,"14":36,"15":36},"f":{"0":36,"1":72,"2":36,"3":12,"4":24,"5":12,"6":12,"7":12,"8":36,"9":72,"10":36},"b":{},"_coverageSchema":"43e27e138ebf9cfc5966b082cf9a028302ed4184","hash":"6c2f11c6a2695d817ac0c4c7e8c238f0d5ab1f7d"}
,"R:\\Front-end\\hexlet-project-lvl2\\src\\formatters\\formatter-json.js": {"path":"R:\\Front-end\\hexlet-project-lvl2\\src\\formatters\\formatter-json.js","statementMap":{"0":{"start":{"line":1,"column":18},"end":{"line":1,"column":47}},"1":{"start":{"line":3,"column":19},"end":{"line":18,"column":1}},"2":{"start":{"line":4,"column":17},"end":{"line":15,"column":4}},"3":{"start":{"line":4,"column":24},"end":{"line":15,"column":4}},"4":{"start":{"line":5,"column":20},"end":{"line":5,"column":36}},"5":{"start":{"line":6,"column":19},"end":{"line":8,"column":56}},"6":{"start":{"line":7,"column":19},"end":{"line":7,"column":41}},"7":{"start":{"line":8,"column":27},"end":{"line":8,"column":50}},"8":{"start":{"line":10,"column":4},"end":{"line":12,"column":5}},"9":{"start":{"line":11,"column":6},"end":{"line":11,"column":20}},"10":{"start":{"line":14,"column":4},"end":{"line":14,"column":57}},"11":{"start":{"line":17,"column":2},"end":{"line":17,"column":46}}},"fnMap":{"0":{"name":"(anonymous_0)","decl":{"start":{"line":3,"column":19},"end":{"line":3,"column":20}},"loc":{"start":{"line":3,"column":28},"end":{"line":18,"column":1}},"line":3},"1":{"name":"(anonymous_1)","decl":{"start":{"line":4,"column":17},"end":{"line":4,"column":18}},"loc":{"start":{"line":4,"column":24},"end":{"line":15,"column":4}},"line":4},"2":{"name":"(anonymous_2)","decl":{"start":{"line":4,"column":32},"end":{"line":4,"column":33}},"loc":{"start":{"line":4,"column":41},"end":{"line":15,"column":3}},"line":4},"3":{"name":"(anonymous_3)","decl":{"start":{"line":7,"column":14},"end":{"line":7,"column":15}},"loc":{"start":{"line":7,"column":19},"end":{"line":7,"column":41}},"line":7},"4":{"name":"(anonymous_4)","decl":{"start":{"line":8,"column":14},"end":{"line":8,"column":15}},"loc":{"start":{"line":8,"column":27},"end":{"line":8,"column":50}},"line":8}},"branchMap":{"0":{"loc":{"start":{"line":10,"column":4},"end":{"line":12,"column":5}},"type":"if","locations":[{"start":{"line":10,"column":4},"end":{"line":12,"column":5}},{"start":{"line":10,"column":4},"end":{"line":12,"column":5}}],"line":10}},"s":{"0":1,"1":1,"2":6,"3":24,"4":96,"5":96,"6":516,"7":324,"8":96,"9":78,"10":18,"11":6},"f":{"0":6,"1":24,"2":96,"3":516,"4":324},"b":{"0":[78,18]},"_coverageSchema":"43e27e138ebf9cfc5966b082cf9a028302ed4184","hash":"6d760827b372923309ba3d3e8484eb4eba233e2d"}
,"R:\\Front-end\\hexlet-project-lvl2\\src\\formatters\\formatter-plain.js": {"path":"R:\\Front-end\\hexlet-project-lvl2\\src\\formatters\\formatter-plain.js","statementMap":{"0":{"start":{"line":1,"column":23},"end":{"line":1,"column":55}},"1":{"start":{"line":1,"column":32},"end":{"line":1,"column":55}},"2":{"start":{"line":3,"column":25},"end":{"line":12,"column":1}},"3":{"start":{"line":4,"column":2},"end":{"line":6,"column":3}},"4":{"start":{"line":5,"column":4},"end":{"line":5,"column":29}},"5":{"start":{"line":7,"column":2},"end":{"line":9,"column":3}},"6":{"start":{"line":8,"column":4},"end":{"line":8,"column":24}},"7":{"start":{"line":11,"column":2},"end":{"line":11,"column":15}},"8":{"start":{"line":14,"column":24},"end":{"line":38,"column":1}},"9":{"start":{"line":17,"column":20},"end":{"line":17,"column":25}},"10":{"start":{"line":22,"column":29},"end":{"line":22,"column":55}},"11":{"start":{"line":23,"column":29},"end":{"line":23,"column":55}},"12":{"start":{"line":24,"column":6},"end":{"line":24,"column":96}},"13":{"start":{"line":29,"column":27},"end":{"line":29,"column":64}},"14":{"start":{"line":34,"column":29},"end":{"line":34,"column":55}},"15":{"start":{"line":35,"column":6},"end":{"line":35,"column":79}},"16":{"start":{"line":40,"column":26},"end":{"line":43,"column":1}},"17":{"start":{"line":41,"column":23},"end":{"line":41,"column":82}},"18":{"start":{"line":41,"column":59},"end":{"line":41,"column":81}},"19":{"start":{"line":42,"column":2},"end":{"line":42,"column":18}},"20":{"start":{"line":45,"column":20},"end":{"line":66,"column":1}},"21":{"start":{"line":46,"column":17},"end":{"line":63,"column":4}},"22":{"start":{"line":53,"column":8},"end":{"line":53,"column":10}},"23":{"start":{"line":55,"column":4},"end":{"line":57,"column":5}},"24":{"start":{"line":56,"column":6},"end":{"line":56,"column":35}},"25":{"start":{"line":59,"column":21},"end":{"line":59,"column":45}},"26":{"start":{"line":60,"column":28},"end":{"line":60,"column":47}},"27":{"start":{"line":62,"column":4},"end":{"line":62,"column":57}},"28":{"start":{"line":65,"column":2},"end":{"line":65,"column":44}},"29":{"start":{"line":65,"column":28},"end":{"line":65,"column":31}}},"fnMap":{"0":{"name":"(anonymous_0)","decl":{"start":{"line":1,"column":23},"end":{"line":1,"column":24}},"loc":{"start":{"line":1,"column":32},"end":{"line":1,"column":55}},"line":1},"1":{"name":"(anonymous_1)","decl":{"start":{"line":3,"column":25},"end":{"line":3,"column":26}},"loc":{"start":{"line":3,"column":36},"end":{"line":12,"column":1}},"line":3},"2":{"name":"(anonymous_2)","decl":{"start":{"line":17,"column":14},"end":{"line":17,"column":15}},"loc":{"start":{"line":17,"column":20},"end":{"line":17,"column":25}},"line":17},"3":{"name":"(anonymous_3)","decl":{"start":{"line":21,"column":14},"end":{"line":21,"column":15}},"loc":{"start":{"line":21,"column":49},"end":{"line":25,"column":5}},"line":21},"4":{"name":"(anonymous_4)","decl":{"start":{"line":29,"column":14},"end":{"line":29,"column":15}},"loc":{"start":{"line":29,"column":27},"end":{"line":29,"column":64}},"line":29},"5":{"name":"(anonymous_5)","decl":{"start":{"line":33,"column":14},"end":{"line":33,"column":15}},"loc":{"start":{"line":33,"column":39},"end":{"line":36,"column":5}},"line":33},"6":{"name":"(anonymous_6)","decl":{"start":{"line":40,"column":26},"end":{"line":40,"column":27}},"loc":{"start":{"line":40,"column":44},"end":{"line":43,"column":1}},"line":40},"7":{"name":"(anonymous_7)","decl":{"start":{"line":41,"column":44},"end":{"line":41,"column":45}},"loc":{"start":{"line":41,"column":59},"end":{"line":41,"column":81}},"line":41},"8":{"name":"(anonymous_8)","decl":{"start":{"line":45,"column":20},"end":{"line":45,"column":21}},"loc":{"start":{"line":45,"column":29},"end":{"line":66,"column":1}},"line":45},"9":{"name":"(anonymous_9)","decl":{"start":{"line":46,"column":25},"end":{"line":46,"column":26}},"loc":{"start":{"line":46,"column":33},"end":{"line":63,"column":3}},"line":46},"10":{"name":"(anonymous_10)","decl":{"start":{"line":65,"column":23},"end":{"line":65,"column":24}},"loc":{"start":{"line":65,"column":28},"end":{"line":65,"column":31}},"line":65}},"branchMap":{"0":{"loc":{"start":{"line":4,"column":2},"end":{"line":6,"column":3}},"type":"if","locations":[{"start":{"line":4,"column":2},"end":{"line":6,"column":3}},{"start":{"line":4,"column":2},"end":{"line":6,"column":3}}],"line":4},"1":{"loc":{"start":{"line":7,"column":2},"end":{"line":9,"column":3}},"type":"if","locations":[{"start":{"line":7,"column":2},"end":{"line":9,"column":3}},{"start":{"line":7,"column":2},"end":{"line":9,"column":3}}],"line":7},"2":{"loc":{"start":{"line":55,"column":4},"end":{"line":57,"column":5}},"type":"if","locations":[{"start":{"line":55,"column":4},"end":{"line":57,"column":5}},{"start":{"line":55,"column":4},"end":{"line":57,"column":5}}],"line":55}},"s":{"0":1,"1":66,"2":1,"3":66,"4":24,"5":42,"6":30,"7":12,"8":1,"9":18,"10":18,"11":18,"12":18,"13":12,"14":30,"15":30,"16":1,"17":78,"18":210,"19":78,"20":1,"21":24,"22":96,"23":96,"24":18,"25":78,"26":78,"27":78,"28":24,"29":96},"f":{"0":66,"1":66,"2":18,"3":18,"4":12,"5":30,"6":78,"7":210,"8":24,"9":96,"10":96},"b":{"0":[24,42],"1":[30,12],"2":[18,78]},"_coverageSchema":"43e27e138ebf9cfc5966b082cf9a028302ed4184","hash":"e62579182dd30f1e86ea288a99996b4a51f23a35"}
,"R:\\Front-end\\hexlet-project-lvl2\\src\\formatters\\formatter-regular.js": {"path":"R:\\Front-end\\hexlet-project-lvl2\\src\\formatters\\formatter-regular.js","statementMap":{"0":{"start":{"line":1,"column":20},"end":{"line":1,"column":26}},"1":{"start":{"line":3,"column":19},"end":{"line":9,"column":1}},"2":{"start":{"line":4,"column":18},"end":{"line":4,"column":50}},"3":{"start":{"line":5,"column":20},"end":{"line":5,"column":56}},"4":{"start":{"line":6,"column":22},"end":{"line":6,"column":60}},"5":{"start":{"line":7,"column":18},"end":{"line":7,"column":53}},"6":{"start":{"line":8,"column":2},"end":{"line":8,"column":17}},"7":{"start":{"line":11,"column":30},"end":{"line":25,"column":1}},"8":{"start":{"line":12,"column":15},"end":{"line":12,"column":31}},"9":{"start":{"line":13,"column":18},"end":{"line":13,"column":42}},"10":{"start":{"line":15,"column":21},"end":{"line":22,"column":4}},"11":{"start":{"line":16,"column":16},"end":{"line":16,"column":23}},"12":{"start":{"line":17,"column":4},"end":{"line":19,"column":5}},"13":{"start":{"line":18,"column":6},"end":{"line":18,"column":94}},"14":{"start":{"line":21,"column":4},"end":{"line":21,"column":53}},"15":{"start":{"line":24,"column":2},"end":{"line":24,"column":29}},"16":{"start":{"line":27,"column":23},"end":{"line":34,"column":1}},"17":{"start":{"line":28,"column":18},"end":{"line":28,"column":42}},"18":{"start":{"line":29,"column":2},"end":{"line":31,"column":3}},"19":{"start":{"line":30,"column":4},"end":{"line":30,"column":81}},"20":{"start":{"line":33,"column":2},"end":{"line":33,"column":15}},"21":{"start":{"line":36,"column":24},"end":{"line":69,"column":1}},"22":{"start":{"line":40,"column":22},"end":{"line":40,"column":46}},"23":{"start":{"line":41,"column":6},"end":{"line":41,"column":53}},"24":{"start":{"line":47,"column":22},"end":{"line":47,"column":46}},"25":{"start":{"line":48,"column":29},"end":{"line":48,"column":67}},"26":{"start":{"line":49,"column":29},"end":{"line":49,"column":67}},"27":{"start":{"line":50,"column":6},"end":{"line":50,"column":116}},"28":{"start":{"line":56,"column":22},"end":{"line":56,"column":46}},"29":{"start":{"line":57,"column":29},"end":{"line":57,"column":67}},"30":{"start":{"line":58,"column":6},"end":{"line":58,"column":65}},"31":{"start":{"line":64,"column":22},"end":{"line":64,"column":46}},"32":{"start":{"line":65,"column":29},"end":{"line":65,"column":67}},"33":{"start":{"line":66,"column":6},"end":{"line":66,"column":65}},"34":{"start":{"line":71,"column":26},"end":{"line":74,"column":1}},"35":{"start":{"line":72,"column":23},"end":{"line":72,"column":82}},"36":{"start":{"line":72,"column":59},"end":{"line":72,"column":81}},"37":{"start":{"line":73,"column":2},"end":{"line":73,"column":18}},"38":{"start":{"line":76,"column":22},"end":{"line":101,"column":1}},"39":{"start":{"line":77,"column":17},"end":{"line":98,"column":3}},"40":{"start":{"line":78,"column":19},"end":{"line":95,"column":6}},"41":{"start":{"line":86,"column":10},"end":{"line":86,"column":12}},"42":{"start":{"line":87,"column":23},"end":{"line":87,"column":47}},"43":{"start":{"line":88,"column":22},"end":{"line":88,"column":54}},"44":{"start":{"line":90,"column":6},"end":{"line":92,"column":7}},"45":{"start":{"line":91,"column":8},"end":{"line":91,"column":71}},"46":{"start":{"line":94,"column":6},"end":{"line":94,"column":61}},"47":{"start":{"line":97,"column":4},"end":{"line":97,"column":29}},"48":{"start":{"line":100,"column":2},"end":{"line":100,"column":32}}},"fnMap":{"0":{"name":"(anonymous_0)","decl":{"start":{"line":3,"column":19},"end":{"line":3,"column":20}},"loc":{"start":{"line":3,"column":37},"end":{"line":9,"column":1}},"line":3},"1":{"name":"(anonymous_1)","decl":{"start":{"line":11,"column":30},"end":{"line":11,"column":31}},"loc":{"start":{"line":11,"column":53},"end":{"line":25,"column":1}},"line":11},"2":{"name":"(anonymous_2)","decl":{"start":{"line":15,"column":30},"end":{"line":15,"column":31}},"loc":{"start":{"line":15,"column":38},"end":{"line":22,"column":3}},"line":15},"3":{"name":"(anonymous_3)","decl":{"start":{"line":27,"column":23},"end":{"line":27,"column":24}},"loc":{"start":{"line":27,"column":48},"end":{"line":34,"column":1}},"line":27},"4":{"name":"(anonymous_4)","decl":{"start":{"line":39,"column":14},"end":{"line":39,"column":15}},"loc":{"start":{"line":39,"column":57},"end":{"line":42,"column":5}},"line":39},"5":{"name":"(anonymous_5)","decl":{"start":{"line":46,"column":14},"end":{"line":46,"column":15}},"loc":{"start":{"line":46,"column":57},"end":{"line":51,"column":5}},"line":46},"6":{"name":"(anonymous_6)","decl":{"start":{"line":55,"column":14},"end":{"line":55,"column":15}},"loc":{"start":{"line":55,"column":47},"end":{"line":59,"column":5}},"line":55},"7":{"name":"(anonymous_7)","decl":{"start":{"line":63,"column":14},"end":{"line":63,"column":15}},"loc":{"start":{"line":63,"column":57},"end":{"line":67,"column":5}},"line":63},"8":{"name":"(anonymous_8)","decl":{"start":{"line":71,"column":26},"end":{"line":71,"column":27}},"loc":{"start":{"line":71,"column":44},"end":{"line":74,"column":1}},"line":71},"9":{"name":"(anonymous_9)","decl":{"start":{"line":72,"column":44},"end":{"line":72,"column":45}},"loc":{"start":{"line":72,"column":59},"end":{"line":72,"column":81}},"line":72},"10":{"name":"(anonymous_10)","decl":{"start":{"line":76,"column":22},"end":{"line":76,"column":23}},"loc":{"start":{"line":76,"column":31},"end":{"line":101,"column":1}},"line":76},"11":{"name":"(anonymous_11)","decl":{"start":{"line":77,"column":17},"end":{"line":77,"column":18}},"loc":{"start":{"line":77,"column":26},"end":{"line":98,"column":3}},"line":77},"12":{"name":"(anonymous_12)","decl":{"start":{"line":78,"column":27},"end":{"line":78,"column":28}},"loc":{"start":{"line":78,"column":35},"end":{"line":95,"column":5}},"line":78}},"branchMap":{"0":{"loc":{"start":{"line":17,"column":4},"end":{"line":19,"column":5}},"type":"if","locations":[{"start":{"line":17,"column":4},"end":{"line":19,"column":5}},{"start":{"line":17,"column":4},"end":{"line":19,"column":5}}],"line":17},"1":{"loc":{"start":{"line":29,"column":2},"end":{"line":31,"column":3}},"type":"if","locations":[{"start":{"line":29,"column":2},"end":{"line":31,"column":3}},{"start":{"line":29,"column":2},"end":{"line":31,"column":3}}],"line":29},"2":{"loc":{"start":{"line":90,"column":6},"end":{"line":92,"column":7}},"type":"if","locations":[{"start":{"line":90,"column":6},"end":{"line":92,"column":7}},{"start":{"line":90,"column":6},"end":{"line":92,"column":7}}],"line":90}},"s":{"0":1,"1":1,"2":198,"3":198,"4":198,"5":198,"6":198,"7":1,"8":42,"9":42,"10":42,"11":60,"12":60,"13":12,"14":60,"15":42,"16":1,"17":78,"18":78,"19":30,"20":48,"21":1,"22":18,"23":18,"24":18,"25":18,"26":18,"27":18,"28":12,"29":12,"30":12,"31":30,"32":30,"33":30,"34":1,"35":96,"36":228,"37":96,"38":1,"39":6,"40":24,"41":96,"42":96,"43":96,"44":96,"45":18,"46":78,"47":24,"48":6},"f":{"0":198,"1":42,"2":60,"3":78,"4":18,"5":18,"6":12,"7":30,"8":96,"9":228,"10":6,"11":24,"12":96},"b":{"0":[12,48],"1":[30,48],"2":[18,78]},"_coverageSchema":"43e27e138ebf9cfc5966b082cf9a028302ed4184","hash":"6dd7ae1204fcbc4756297705bcdd3a3e754086c3"}
,"R:\\Front-end\\hexlet-project-lvl2\\src\\js\\gendiff.js": {"path":"R:\\Front-end\\hexlet-project-lvl2\\src\\js\\gendiff.js","statementMap":{"0":{"start":{"line":8,"column":18},"end":{"line":21,"column":1}},"1":{"start":{"line":11,"column":23},"end":{"line":11,"column":41}},"2":{"start":{"line":15,"column":23},"end":{"line":15,"column":39}},"3":{"start":{"line":19,"column":23},"end":{"line":19,"column":38}},"4":{"start":{"line":24,"column":20},"end":{"line":27,"column":1}},"5":{"start":{"line":25,"column":25},"end":{"line":25,"column":70}},"6":{"start":{"line":25,"column":54},"end":{"line":25,"column":69}},"7":{"start":{"line":26,"column":2},"end":{"line":26,"column":20}},"8":{"start":{"line":29,"column":16},"end":{"line":38,"column":1}},"9":{"start":{"line":30,"column":15},"end":{"line":30,"column":27}},"10":{"start":{"line":31,"column":15},"end":{"line":31,"column":27}},"11":{"start":{"line":32,"column":21},"end":{"line":32,"column":40}},"12":{"start":{"line":33,"column":14},"end":{"line":33,"column":34}},"13":{"start":{"line":34,"column":17},"end":{"line":34,"column":32}},"14":{"start":{"line":37,"column":2},"end":{"line":37,"column":16}}},"fnMap":{"0":{"name":"(anonymous_0)","decl":{"start":{"line":11,"column":16},"end":{"line":11,"column":17}},"loc":{"start":{"line":11,"column":23},"end":{"line":11,"column":41}},"line":11},"1":{"name":"(anonymous_1)","decl":{"start":{"line":15,"column":16},"end":{"line":15,"column":17}},"loc":{"start":{"line":15,"column":23},"end":{"line":15,"column":39}},"line":15},"2":{"name":"(anonymous_2)","decl":{"start":{"line":19,"column":16},"end":{"line":19,"column":17}},"loc":{"start":{"line":19,"column":23},"end":{"line":19,"column":38}},"line":19},"3":{"name":"(anonymous_3)","decl":{"start":{"line":24,"column":20},"end":{"line":24,"column":21}},"loc":{"start":{"line":24,"column":32},"end":{"line":27,"column":1}},"line":24},"4":{"name":"(anonymous_4)","decl":{"start":{"line":25,"column":40},"end":{"line":25,"column":41}},"loc":{"start":{"line":25,"column":54},"end":{"line":25,"column":69}},"line":25},"5":{"name":"(anonymous_5)","decl":{"start":{"line":29,"column":16},"end":{"line":29,"column":17}},"loc":{"start":{"line":29,"column":58},"end":{"line":38,"column":1}},"line":29}},"branchMap":{"0":{"loc":{"start":{"line":29,"column":33},"end":{"line":29,"column":51}},"type":"default-arg","locations":[{"start":{"line":29,"column":42},"end":{"line":29,"column":51}}],"line":29}},"s":{"0":1,"1":6,"2":6,"3":6,"4":1,"5":18,"6":36,"7":18,"8":1,"9":18,"10":18,"11":18,"12":18,"13":18,"14":18},"f":{"0":6,"1":6,"2":6,"3":18,"4":36,"5":18},"b":{"0":[0]},"_coverageSchema":"43e27e138ebf9cfc5966b082cf9a028302ed4184","hash":"6c5b7dffca675adfbfbe3b0f89f5c124e389fd11"}
}
