TN:
SF:R:\Front-end\hexlet-project-lvl2\__fixtures__\expected-json.js
FNF:0
FNH:0
LF:0
LH:0
BRF:0
BRH:0
end_of_record
TN:
SF:R:\Front-end\hexlet-project-lvl2\__fixtures__\expected-plain.js
FNF:0
FNH:0
LF:0
LH:0
BRF:0
BRH:0
end_of_record
TN:
SF:R:\Front-end\hexlet-project-lvl2\__fixtures__\expected-regular.js
FNF:0
FNH:0
LF:0
LH:0
BRF:0
BRH:0
end_of_record
TN:
SF:R:\Front-end\hexlet-project-lvl2\src\build-ast.js
FN:4,(anonymous_0)
FN:13,(anonymous_1)
FN:20,(anonymous_2)
FN:24,(anonymous_3)
FN:28,(anonymous_4)
FN:33,(anonymous_5)
FN:34,(anonymous_6)
FN:38,(anonymous_7)
FN:58,(anonymous_8)
FN:63,(anonymous_9)
FN:74,(anonymous_10)
FN:78,(anonymous_11)
FN:79,(anonymous_12)
FNF:13
FNH:13
FNDA:540,(anonymous_0)
FNDA:450,(anonymous_1)
FNDA:234,(anonymous_2)
FNDA:126,(anonymous_3)
FNDA:90,(anonymous_4)
FNDA:450,(anonymous_5)
FNDA:900,(anonymous_6)
FNDA:450,(anonymous_7)
FNDA:72,(anonymous_8)
FNDA:198,(anonymous_9)
FNDA:252,(anonymous_10)
FNDA:54,(anonymous_11)
FNDA:126,(anonymous_12)
DA:4,1
DA:5,540
DA:6,540
DA:7,540
DA:10,1
DA:14,450
DA:15,450
DA:20,234
DA:24,126
DA:28,90
DA:33,1
DA:34,900
DA:35,450
DA:38,1
DA:39,450
DA:40,450
DA:42,450
DA:46,450
DA:47,360
DA:50,450
DA:51,414
DA:54,450
DA:58,1
DA:59,72
DA:60,72
DA:61,72
DA:63,72
DA:64,198
DA:65,198
DA:67,198
DA:68,54
DA:71,198
DA:74,252
DA:76,72
DA:78,72
DA:79,126
DA:80,54
DA:81,54
DA:82,54
DA:83,54
DA:84,54
DA:87,72
LF:42
LH:42
BRDA:7,0,0,540
BRDA:7,0,1,252
BRDA:14,1,0,450
BRDA:14,1,1,360
BRDA:14,1,2,324
BRDA:15,2,0,450
BRDA:15,2,1,342
BRDA:20,3,0,234
BRDA:20,3,1,144
BRDA:20,3,2,108
BRDA:24,4,0,126
BRDA:24,4,1,36
BRDA:28,5,0,90
BRDA:28,5,1,90
BRDA:46,6,0,360
BRDA:46,6,1,90
BRDA:50,7,0,414
BRDA:50,7,1,36
BRDA:58,8,0,18
BRDA:58,9,0,18
BRDA:67,10,0,54
BRDA:67,10,1,144
BRF:22
BRH:22
end_of_record
TN:
SF:R:\Front-end\hexlet-project-lvl2\src\index.js
FNF:0
FNH:0
LF:0
LH:0
BRF:0
BRH:0
end_of_record
TN:
SF:R:\Front-end\hexlet-project-lvl2\src\parsers.js
FN:6,(anonymous_0)
FN:7,(anonymous_1)
FN:12,(anonymous_2)
FN:13,(anonymous_3)
FN:17,(anonymous_4)
FN:18,(anonymous_5)
FN:22,(anonymous_6)
FN:23,(anonymous_7)
FN:27,(anonymous_8)
FN:27,(anonymous_9)
FN:29,(anonymous_10)
FNF:11
FNH:11
FNDA:36,(anonymous_0)
FNDA:72,(anonymous_1)
FNDA:36,(anonymous_2)
FNDA:12,(anonymous_3)
FNDA:24,(anonymous_4)
FNDA:12,(anonymous_5)
FNDA:12,(anonymous_6)
FNDA:12,(anonymous_7)
FNDA:36,(anonymous_8)
FNDA:72,(anonymous_9)
FNDA:36,(anonymous_10)
DA:6,36
DA:7,72
DA:9,1
DA:12,36
DA:13,12
DA:17,24
DA:18,12
DA:22,12
DA:23,12
DA:27,72
DA:30,36
DA:31,36
LF:12
LH:12
BRF:0
BRH:0
end_of_record
TN:
SF:R:\Front-end\hexlet-project-lvl2\src\formatters\formatter-json.js
FN:3,(anonymous_0)
FN:4,(anonymous_1)
FN:4,(anonymous_2)
FN:7,(anonymous_3)
FN:8,(anonymous_4)
FNF:5
FNH:5
FNDA:6,(anonymous_0)
FNDA:24,(anonymous_1)
FNDA:96,(anonymous_2)
FNDA:516,(anonymous_3)
FNDA:324,(anonymous_4)
DA:1,1
DA:3,1
DA:4,24
DA:5,96
DA:6,96
DA:7,516
DA:8,324
DA:10,96
DA:11,78
DA:14,18
DA:17,6
LF:11
LH:11
BRDA:10,0,0,78
BRDA:10,0,1,18
BRF:2
BRH:2
end_of_record
TN:
SF:R:\Front-end\hexlet-project-lvl2\src\formatters\formatter-plain.js
FN:1,(anonymous_0)
FN:3,(anonymous_1)
FN:17,(anonymous_2)
FN:21,(anonymous_3)
FN:29,(anonymous_4)
FN:33,(anonymous_5)
FN:40,(anonymous_6)
FN:41,(anonymous_7)
FN:45,(anonymous_8)
FN:46,(anonymous_9)
FN:65,(anonymous_10)
FNF:11
FNH:11
FNDA:66,(anonymous_0)
FNDA:66,(anonymous_1)
FNDA:18,(anonymous_2)
FNDA:18,(anonymous_3)
FNDA:12,(anonymous_4)
FNDA:30,(anonymous_5)
FNDA:78,(anonymous_6)
FNDA:210,(anonymous_7)
FNDA:24,(anonymous_8)
FNDA:96,(anonymous_9)
FNDA:96,(anonymous_10)
DA:1,66
DA:3,1
DA:4,66
DA:5,24
DA:7,42
DA:8,30
DA:11,12
DA:14,1
DA:17,18
DA:22,18
DA:23,18
DA:24,18
DA:29,12
DA:34,30
DA:35,30
DA:40,1
DA:41,210
DA:42,78
DA:45,1
DA:46,24
DA:53,96
DA:55,96
DA:56,18
DA:59,78
DA:60,78
DA:62,78
DA:65,96
LF:27
LH:27
BRDA:4,0,0,24
BRDA:4,0,1,42
BRDA:7,1,0,30
BRDA:7,1,1,12
BRDA:55,2,0,18
BRDA:55,2,1,78
BRF:6
BRH:6
end_of_record
TN:
SF:R:\Front-end\hexlet-project-lvl2\src\formatters\formatter-regular.js
FN:3,(anonymous_0)
FN:11,(anonymous_1)
FN:15,(anonymous_2)
FN:27,(anonymous_3)
FN:39,(anonymous_4)
FN:46,(anonymous_5)
FN:55,(anonymous_6)
FN:63,(anonymous_7)
FN:71,(anonymous_8)
FN:72,(anonymous_9)
FN:76,(anonymous_10)
FN:77,(anonymous_11)
FN:78,(anonymous_12)
FNF:13
FNH:13
FNDA:198,(anonymous_0)
FNDA:42,(anonymous_1)
FNDA:60,(anonymous_2)
FNDA:78,(anonymous_3)
FNDA:18,(anonymous_4)
FNDA:18,(anonymous_5)
FNDA:12,(anonymous_6)
FNDA:30,(anonymous_7)
FNDA:96,(anonymous_8)
FNDA:228,(anonymous_9)
FNDA:6,(anonymous_10)
FNDA:24,(anonymous_11)
FNDA:96,(anonymous_12)
DA:1,1
DA:3,1
DA:4,198
DA:5,198
DA:6,198
DA:7,198
DA:8,198
DA:11,1
DA:12,42
DA:13,42
DA:15,42
DA:16,60
DA:17,60
DA:18,12
DA:21,60
DA:24,42
DA:27,1
DA:28,78
DA:29,78
DA:30,30
DA:33,48
DA:36,1
DA:40,18
DA:41,18
DA:47,18
DA:48,18
DA:49,18
DA:50,18
DA:56,12
DA:57,12
DA:58,12
DA:64,30
DA:65,30
DA:66,30
DA:71,1
DA:72,228
DA:73,96
DA:76,1
DA:77,6
DA:78,24
DA:86,96
DA:87,96
DA:88,96
DA:90,96
DA:91,18
DA:94,78
DA:97,24
DA:100,6
LF:48
LH:48
BRDA:17,0,0,12
BRDA:17,0,1,48
BRDA:29,1,0,30
BRDA:29,1,1,48
BRDA:90,2,0,18
BRDA:90,2,1,78
BRF:6
BRH:6
end_of_record
TN:
SF:R:\Front-end\hexlet-project-lvl2\src\js\gendiff.js
FN:11,(anonymous_0)
FN:15,(anonymous_1)
FN:19,(anonymous_2)
FN:24,(anonymous_3)
FN:25,(anonymous_4)
FN:29,(anonymous_5)
FNF:6
FNH:6
FNDA:6,(anonymous_0)
FNDA:6,(anonymous_1)
FNDA:6,(anonymous_2)
FNDA:18,(anonymous_3)
FNDA:36,(anonymous_4)
FNDA:18,(anonymous_5)
DA:8,1
DA:11,6
DA:15,6
DA:19,6
DA:24,1
DA:25,36
DA:26,18
DA:29,1
DA:30,18
DA:31,18
DA:32,18
DA:33,18
DA:34,18
DA:37,18
LF:14
LH:14
BRDA:29,0,0,0
BRF:1
BRH:0
end_of_record
