TN:
SF:R:\Front-end\hexlet-project-lvl2\__fixtures__\result.js
FNF:0
FNH:0
LF:0
LH:0
BRF:0
BRH:0
end_of_record
TN:
SF:R:\Front-end\hexlet-project-lvl2\src\index.js
FNF:0
FNH:0
LF:0
LH:0
BRF:0
BRH:0
end_of_record
TN:
SF:R:\Front-end\hexlet-project-lvl2\src\js\gendiff.js
FN:7,(anonymous_0)
FN:8,(anonymous_1)
FN:12,(anonymous_2)
FN:13,(anonymous_3)
FN:17,(anonymous_4)
FN:18,(anonymous_5)
FN:22,(anonymous_6)
FN:23,(anonymous_7)
FN:27,(anonymous_8)
FN:28,(anonymous_9)
FN:32,(anonymous_10)
FN:40,(anonymous_11)
FN:41,(anonymous_12)
FN:45,(anonymous_13)
FNF:14
FNH:14
FNDA:10,(anonymous_0)
FNDA:2,(anonymous_1)
FNDA:8,(anonymous_2)
FNDA:2,(anonymous_3)
FNDA:6,(anonymous_4)
FNDA:4,(anonymous_5)
FNDA:2,(anonymous_6)
FNDA:2,(anonymous_7)
FNDA:10,(anonymous_8)
FNDA:26,(anonymous_9)
FNDA:2,(anonymous_10)
FNDA:6,(anonymous_11)
FNDA:8,(anonymous_12)
FNDA:2,(anonymous_13)
DA:4,1
DA:7,10
DA:8,2
DA:12,8
DA:13,2
DA:17,6
DA:18,4
DA:22,2
DA:23,2
DA:27,1
DA:28,26
DA:29,10
DA:33,2
DA:34,2
DA:36,2
DA:37,2
DA:38,2
DA:39,2
DA:40,6
DA:41,2
DA:42,8
DA:43,8
DA:45,2
DA:46,2
DA:47,2
DA:49,2
DA:50,2
LF:27
LH:27
BRDA:7,0,0,10
BRDA:7,0,1,8
BRDA:7,0,2,4
BRDA:12,1,0,8
BRDA:12,1,1,6
BRDA:12,1,2,2
BRDA:17,2,0,6
BRDA:17,2,1,4
BRDA:22,3,0,2
BRDA:22,3,1,2
BRF:10
BRH:10
end_of_record
